<?xml version="1.0" encoding="UTF-8"?>
<!-- Generated by org.testng.reporters.JUnitReportReporter -->
<testsuite hostname="YUL119014N06" name="DEMO_GITHUB_TEST1" tests="1" failures="0" timestamp="26 Sep 2015 04:48:41 GMT" time="0.006" errors="0">
  <testcase name="unitTest_Test1" time="0.006" classname="DEMO_GITHUB_TEST1"/>
</testsuite> <!-- DEMO_GITHUB_TEST1 -->
